Test: one client (3A) ...
  ... Passed --  15.1  5  5874  897
Test: ops complete fast enough (3A) ...
  ... Passed --  16.0  3  4423    0
Test: many clients (3A) ...
  ... Passed --  15.9  5  7434  838
Test: unreliable net, many clients (3A) ...
  ... Passed --  18.5  5  5904  606
Test: concurrent append to same key, unreliable (3A) ...
  ... Passed --   2.2  3   285   52
Test: progress in majority (3A) ...
  ... Passed --   0.7  5   199    2
Test: no progress in minority (3A) ...
  ... Passed --   1.0  5  1298    3
Test: completion after heal (3A) ...
  ... Passed --   1.0  5    98    3
Test: partitions, one client (3A) ...
  ... Passed --  22.5  5 25821  659
Test: partitions, many clients (3A) ...
  ... Passed --  23.1  5 23148  629
Test: restarts, one client (3A) ...
  ... Passed --  20.2  5  5751  862
Test: restarts, many clients (3A) ...
  ... Passed --  21.8  5  8728  790
Test: unreliable net, restarts, many clients (3A) ...
  ... Passed --  22.7  5  6134  614
Test: restarts, partitions, many clients (3A) ...
  ... Passed --  28.2  5 21765  676
Test: unreliable net, restarts, partitions, many clients (3A) ...
  ... Passed --  30.3  5 20985  478
Test: unreliable net, restarts, partitions, random keys, many clients (3A) ...
  ... Passed --  32.6  7 23594  261
PASS
ok  	6.824/kvraft	272.409s
